<File file id=file-Nhyv1ewlWKpYZcznAw0x7fAm at 0x23bb41f0050> JSON: {
  "bytes": 1317514,
  "created_at": 1679277034,
  "filename": "file",
  "id": "file-Nhyv1ewlWKpYZcznAw0x7fAm",
  "object": "file",
  "purpose": "fine-tune",
  "status": "uploaded",
  "status_details": null
}
{'created_at': 1679277035,
 'events': [{'created_at': 1679277035,
             'level': 'info',
             'message': 'Created fine-tune: ft-JbzhFl4X0RTGFLlvqjBk65bz',
             'object': 'fine-tune-event'}],
 'fine_tuned_model': None,
 'hyperparams': {'batch_size': None,
                 'learning_rate_multiplier': None,
                 'n_epochs': 4,
                 'prompt_loss_weight': 0.01},
 'id': 'ft-JbzhFl4X0RTGFLlvqjBk65bz',
 'model': 'davinci',
 'object': 'fine-tune',
 'organization_id': 'org-LpoBWP0Ne86DW2zHIxr7dt44',
 'result_files': [],
 'status': 'pending',
 'training_files': [{'bytes': 1317514,
                     'created_at': 1679277034,
                     'filename': 'file',
                     'id': 'file-Nhyv1ewlWKpYZcznAw0x7fAm',
                     'object': 'file',
                     'purpose': 'fine-tune',
                     'status': 'uploaded',
                     'status_details': None}],
 'updated_at': 1679277035,
 'validation_files': []}
